<?xml version="1.0" encoding="UTF-8"?>
<!-- Generated by org.testng.reporters.JUnitXMLReporter -->
<testsuite ignored="0" hostname="Radhe-Krishna" failures="0" tests="9" name="Test" time="150.399" errors="0" timestamp="2023-10-30T14:22:38 IST">
  <testcase classname="Selenium.SortedDropDown" name="sortedDD" time="14.687"/>
  <testcase classname="Selenium.JqueryDropDown" name="navigation" time="5.602"/>
  <testcase classname="Selenium.JavaScriptAlert" name="alert" time="10.393"/>
  <testcase classname="Selenium.LoginInApplicationBySingleStatement" name="loginSingleStatement" time="7.479"/>
  <testcase classname="Selenium.BootStrapDropDown" name="navigation" time="14.692"/>
  <testcase classname="Selenium.openLinkInAnotherTab" name="newTab" time="14.827"/>
  <testcase classname="Selenium.HandleBrowserWindow" name="windowHandle" time="31.818"/>
  <testcase classname="Selenium.NavigationCommands" name="navigateCommand" time="41.302"/>
  <testcase classname="Selenium.GetTitleOfThePage" name="startBrowser" time="9.414"/>
</testsuite> <!-- Test -->
