<?xml version="1.0" encoding="UTF-8"?>
<testng-results ignored="0" total="9" passed="9" failed="0" skipped="0">
  <reporter-output>
  </reporter-output>
  <suite started-at="2023-10-30T14:20:07 IST" name="Suite" finished-at="2023-10-30T14:22:38 IST" duration-ms="150399">
    <groups>
    </groups>
    <test started-at="2023-10-30T14:20:07 IST" name="Test" finished-at="2023-10-30T14:22:38 IST" duration-ms="150399">
      <class name="Selenium.GetTitleOfThePage">
        <test-method signature="startBrowser(java.lang.String)[pri:0, instance:Selenium.GetTitleOfThePage@4d5650ae]" started-at="2023-10-30T14:22:28 IST" name="startBrowser" finished-at="2023-10-30T14:22:38 IST" duration-ms="9414" status="PASS">
          <params>
            <param index="0">
              <value>
                <![CDATA[Edge]]>
              </value>
            </param>
          </params>
          <reporter-output>
          </reporter-output>
        </test-method> <!-- startBrowser -->
      </class> <!-- Selenium.GetTitleOfThePage -->
      <class name="Selenium.BootStrapDropDown">
        <test-method signature="navigation()[pri:0, instance:Selenium.BootStrapDropDown@576d5deb]" started-at="2023-10-30T14:20:46 IST" name="navigation" finished-at="2023-10-30T14:21:00 IST" duration-ms="14692" status="PASS">
          <reporter-output>
          </reporter-output>
        </test-method> <!-- navigation -->
      </class> <!-- Selenium.BootStrapDropDown -->
      <class name="Selenium.NavigationCommands">
        <test-method signature="navigateCommand()[pri:0, instance:Selenium.NavigationCommands@70e9c95d]" started-at="2023-10-30T14:21:47 IST" name="navigateCommand" finished-at="2023-10-30T14:22:28 IST" duration-ms="41302" status="PASS">
          <reporter-output>
          </reporter-output>
        </test-method> <!-- navigateCommand -->
      </class> <!-- Selenium.NavigationCommands -->
      <class name="Selenium.LoginInApplicationBySingleStatement">
        <test-method signature="loginSingleStatement()[pri:0, instance:Selenium.LoginInApplicationBySingleStatement@5e600dd5]" started-at="2023-10-30T14:20:38 IST" name="loginSingleStatement" finished-at="2023-10-30T14:20:46 IST" duration-ms="7479" status="PASS">
          <reporter-output>
          </reporter-output>
        </test-method> <!-- loginSingleStatement -->
      </class> <!-- Selenium.LoginInApplicationBySingleStatement -->
      <class name="Selenium.JavaScriptAlert">
        <test-method signature="alert()[pri:0, instance:Selenium.JavaScriptAlert@130c12b7]" started-at="2023-10-30T14:20:28 IST" name="alert" finished-at="2023-10-30T14:20:38 IST" duration-ms="10393" status="PASS">
          <reporter-output>
          </reporter-output>
        </test-method> <!-- alert -->
      </class> <!-- Selenium.JavaScriptAlert -->
      <class name="Selenium.SortedDropDown">
        <test-method signature="sortedDD()[pri:0, instance:Selenium.SortedDropDown@72e5a8e]" started-at="2023-10-30T14:20:07 IST" name="sortedDD" finished-at="2023-10-30T14:20:22 IST" duration-ms="14687" status="PASS">
          <reporter-output>
          </reporter-output>
        </test-method> <!-- sortedDD -->
      </class> <!-- Selenium.SortedDropDown -->
      <class name="Selenium.JqueryDropDown">
        <test-method signature="navigation()[pri:0, instance:Selenium.JqueryDropDown@121314f7]" started-at="2023-10-30T14:20:22 IST" name="navigation" finished-at="2023-10-30T14:20:28 IST" duration-ms="5602" status="PASS">
          <reporter-output>
          </reporter-output>
        </test-method> <!-- navigation -->
      </class> <!-- Selenium.JqueryDropDown -->
      <class name="Selenium.HandleBrowserWindow">
        <test-method signature="windowHandle()[pri:0, instance:Selenium.HandleBrowserWindow@2e3967ea]" started-at="2023-10-30T14:21:15 IST" name="windowHandle" finished-at="2023-10-30T14:21:47 IST" duration-ms="31818" status="PASS">
          <reporter-output>
          </reporter-output>
        </test-method> <!-- windowHandle -->
      </class> <!-- Selenium.HandleBrowserWindow -->
      <class name="Selenium.openLinkInAnotherTab">
        <test-method signature="newTab()[pri:0, instance:Selenium.openLinkInAnotherTab@5d534f5d]" started-at="2023-10-30T14:21:00 IST" name="newTab" finished-at="2023-10-30T14:21:15 IST" duration-ms="14827" status="PASS">
          <reporter-output>
          </reporter-output>
        </test-method> <!-- newTab -->
      </class> <!-- Selenium.openLinkInAnotherTab -->
    </test> <!-- Test -->
  </suite> <!-- Suite -->
</testng-results>
