<?xml version="1.0" encoding="UTF-8"?>
<testng-results ignored="0" total="8" passed="7" failed="1" skipped="0">
  <reporter-output>
  </reporter-output>
  <suite started-at="2023-10-28T13:07:03 IST" name="Suite" finished-at="2023-10-28T13:11:27 IST" duration-ms="263766">
    <groups>
    </groups>
    <test started-at="2023-10-28T13:07:03 IST" name="Test" finished-at="2023-10-28T13:11:27 IST" duration-ms="263766">
      <class name="Selenium.BootStrapDropDown">
        <test-method signature="navigation()[pri:0, instance:Selenium.BootStrapDropDown@534a5a98]" started-at="2023-10-28T13:08:13 IST" name="navigation" finished-at="2023-10-28T13:08:59 IST" duration-ms="45591" status="PASS">
          <reporter-output>
          </reporter-output>
        </test-method> <!-- navigation -->
      </class> <!-- Selenium.BootStrapDropDown -->
      <class name="Selenium.NavigationCommands">
        <test-method signature="navigateCommand()[pri:0, instance:Selenium.NavigationCommands@121314f7]" started-at="2023-10-28T13:09:48 IST" name="navigateCommand" finished-at="2023-10-28T13:11:27 IST" duration-ms="98253" status="FAIL">
          <exception class="org.openqa.selenium.WebDriverException">
            <message>
              <![CDATA[unknown error: net::ERR_INTERNET_DISCONNECTED
  (Session info: chrome=118.0.5993.90)
Build info: version: '4.11.0', revision: '040bc5406b'
System info: os.name: 'Windows 11', os.arch: 'amd64', os.version: '10.0', java.version: '11.0.21'
Driver info: org.openqa.selenium.chrome.ChromeDriver
Command: [bbfd343da2243fb707367df66291e605, get {url=https://www.flipkart.com/}]
Capabilities {acceptInsecureCerts: false, browserName: chrome, browserVersion: 118.0.5993.90, chrome: {chromedriverVersion: 118.0.5993.70 (e52f33f30b91..., userDataDir: C:\Users\ASUS\AppData\Local...}, fedcm:accounts: true, goog:chromeOptions: {debuggerAddress: localhost:56110}, networkConnectionEnabled: false, pageLoadStrategy: normal, platformName: windows, proxy: Proxy(), se:cdp: ws://localhost:56110/devtoo..., se:cdpVersion: 118.0.5993.90, setWindowRect: true, strictFileInteractability: false, timeouts: {implicit: 0, pageLoad: 300000, script: 30000}, unhandledPromptBehavior: dismiss and notify, webauthn:extension:credBlob: true, webauthn:extension:largeBlob: true, webauthn:extension:minPinLength: true, webauthn:extension:prf: true, webauthn:virtualAuthenticators: true}
Session ID: bbfd343da2243fb707367df66291e605]]>
            </message>
            <full-stacktrace>
              <![CDATA[org.openqa.selenium.WebDriverException: unknown error: net::ERR_INTERNET_DISCONNECTED
  (Session info: chrome=118.0.5993.90)
Build info: version: '4.11.0', revision: '040bc5406b'
System info: os.name: 'Windows 11', os.arch: 'amd64', os.version: '10.0', java.version: '11.0.21'
Driver info: org.openqa.selenium.chrome.ChromeDriver
Command: [bbfd343da2243fb707367df66291e605, get {url=https://www.flipkart.com/}]
Capabilities {acceptInsecureCerts: false, browserName: chrome, browserVersion: 118.0.5993.90, chrome: {chromedriverVersion: 118.0.5993.70 (e52f33f30b91..., userDataDir: C:\Users\ASUS\AppData\Local...}, fedcm:accounts: true, goog:chromeOptions: {debuggerAddress: localhost:56110}, networkConnectionEnabled: false, pageLoadStrategy: normal, platformName: windows, proxy: Proxy(), se:cdp: ws://localhost:56110/devtoo..., se:cdpVersion: 118.0.5993.90, setWindowRect: true, strictFileInteractability: false, timeouts: {implicit: 0, pageLoad: 300000, script: 30000}, unhandledPromptBehavior: dismiss and notify, webauthn:extension:credBlob: true, webauthn:extension:largeBlob: true, webauthn:extension:minPinLength: true, webauthn:extension:prf: true, webauthn:virtualAuthenticators: true}
Session ID: bbfd343da2243fb707367df66291e605
at java.base/jdk.internal.reflect.NativeConstructorAccessorImpl.newInstance0(Native Method)
at java.base/jdk.internal.reflect.NativeConstructorAccessorImpl.newInstance(NativeConstructorAccessorImpl.java:62)
at java.base/jdk.internal.reflect.DelegatingConstructorAccessorImpl.newInstance(DelegatingConstructorAccessorImpl.java:45)
at java.base/java.lang.reflect.Constructor.newInstance(Constructor.java:490)
at org.openqa.selenium.remote.codec.w3c.W3CHttpResponseCodec.createException(W3CHttpResponseCodec.java:200)
at org.openqa.selenium.remote.codec.w3c.W3CHttpResponseCodec.decode(W3CHttpResponseCodec.java:133)
at org.openqa.selenium.remote.codec.w3c.W3CHttpResponseCodec.decode(W3CHttpResponseCodec.java:52)
at org.openqa.selenium.remote.HttpCommandExecutor.execute(HttpCommandExecutor.java:191)
at org.openqa.selenium.remote.service.DriverCommandExecutor.invokeExecute(DriverCommandExecutor.java:196)
at org.openqa.selenium.remote.service.DriverCommandExecutor.execute(DriverCommandExecutor.java:171)
at org.openqa.selenium.remote.RemoteWebDriver.execute(RemoteWebDriver.java:518)
at org.openqa.selenium.remote.RemoteWebDriver.get(RemoteWebDriver.java:300)
at org.openqa.selenium.remote.RemoteWebDriver$RemoteNavigation.to(RemoteWebDriver.java:1007)
at Selenium.NavigationCommands.navigateCommand(NavigationCommands.java:25)
at java.base/jdk.internal.reflect.NativeMethodAccessorImpl.invoke0(Native Method)
at java.base/jdk.internal.reflect.NativeMethodAccessorImpl.invoke(NativeMethodAccessorImpl.java:62)
at java.base/jdk.internal.reflect.DelegatingMethodAccessorImpl.invoke(DelegatingMethodAccessorImpl.java:43)
at java.base/java.lang.reflect.Method.invoke(Method.java:566)
at org.testng.internal.invokers.MethodInvocationHelper.invokeMethod(MethodInvocationHelper.java:139)
at org.testng.internal.invokers.TestInvoker.invokeMethod(TestInvoker.java:664)
at org.testng.internal.invokers.TestInvoker.invokeTestMethod(TestInvoker.java:227)
at org.testng.internal.invokers.MethodRunner.runInSequence(MethodRunner.java:50)
at org.testng.internal.invokers.TestInvoker$MethodInvocationAgent.invoke(TestInvoker.java:957)
at org.testng.internal.invokers.TestInvoker.invokeTestMethods(TestInvoker.java:200)
at org.testng.internal.invokers.TestMethodWorker.invokeTestMethods(TestMethodWorker.java:148)
at org.testng.internal.invokers.TestMethodWorker.run(TestMethodWorker.java:128)
at java.base/java.util.ArrayList.forEach(ArrayList.java:1541)
at org.testng.TestRunner.privateRun(TestRunner.java:848)
at org.testng.TestRunner.run(TestRunner.java:621)
at org.testng.SuiteRunner.runTest(SuiteRunner.java:443)
at org.testng.SuiteRunner.runSequentially(SuiteRunner.java:437)
at org.testng.SuiteRunner.privateRun(SuiteRunner.java:397)
at org.testng.SuiteRunner.run(SuiteRunner.java:336)
at org.testng.SuiteRunnerWorker.runSuite(SuiteRunnerWorker.java:52)
at org.testng.SuiteRunnerWorker.run(SuiteRunnerWorker.java:95)
at org.testng.TestNG.runSuitesSequentially(TestNG.java:1280)
at org.testng.TestNG.runSuitesLocally(TestNG.java:1200)
at org.testng.TestNG.runSuites(TestNG.java:1114)
at org.testng.TestNG.run(TestNG.java:1082)
at org.apache.maven.surefire.testng.TestNGExecutor.run(TestNGExecutor.java:283)
at org.apache.maven.surefire.testng.TestNGXmlTestSuite.execute(TestNGXmlTestSuite.java:75)
at org.apache.maven.surefire.testng.TestNGProvider.invoke(TestNGProvider.java:120)
at org.apache.maven.surefire.booter.ForkedBooter.invokeProviderInSameClassLoader(ForkedBooter.java:384)
at org.apache.maven.surefire.booter.ForkedBooter.runSuitesInProcess(ForkedBooter.java:345)
at org.apache.maven.surefire.booter.ForkedBooter.execute(ForkedBooter.java:126)
at org.apache.maven.surefire.booter.ForkedBooter.main(ForkedBooter.java:418)
]]>
            </full-stacktrace>
          </exception> <!-- org.openqa.selenium.WebDriverException -->
          <reporter-output>
          </reporter-output>
        </test-method> <!-- navigateCommand -->
      </class> <!-- Selenium.NavigationCommands -->
      <class name="Selenium.LoginInApplicationBySingleStatement">
        <test-method signature="loginSingleStatement()[pri:0, instance:Selenium.LoginInApplicationBySingleStatement@5a45133e]" started-at="2023-10-28T13:08:03 IST" name="loginSingleStatement" finished-at="2023-10-28T13:08:13 IST" duration-ms="10031" status="PASS">
          <reporter-output>
          </reporter-output>
        </test-method> <!-- loginSingleStatement -->
      </class> <!-- Selenium.LoginInApplicationBySingleStatement -->
      <class name="Selenium.JavaScriptAlert">
        <test-method signature="alert()[pri:0, instance:Selenium.JavaScriptAlert@1ed6388a]" started-at="2023-10-28T13:07:48 IST" name="alert" finished-at="2023-10-28T13:08:03 IST" duration-ms="14626" status="PASS">
          <reporter-output>
          </reporter-output>
        </test-method> <!-- alert -->
      </class> <!-- Selenium.JavaScriptAlert -->
      <class name="Selenium.SortedDropDown">
        <test-method signature="sortedDD()[pri:0, instance:Selenium.SortedDropDown@6bd61f98]" started-at="2023-10-28T13:07:03 IST" name="sortedDD" finished-at="2023-10-28T13:07:19 IST" duration-ms="16334" status="PASS">
          <reporter-output>
          </reporter-output>
        </test-method> <!-- sortedDD -->
      </class> <!-- Selenium.SortedDropDown -->
      <class name="Selenium.JqueryDropDown">
        <test-method signature="navigation()[pri:0, instance:Selenium.JqueryDropDown@942a29c]" started-at="2023-10-28T13:07:19 IST" name="navigation" finished-at="2023-10-28T13:07:48 IST" duration-ms="29150" status="PASS">
          <reporter-output>
          </reporter-output>
        </test-method> <!-- navigation -->
      </class> <!-- Selenium.JqueryDropDown -->
      <class name="Selenium.HandleBrowserWindow">
        <test-method signature="windowHandle()[pri:0, instance:Selenium.HandleBrowserWindow@60bd273d]" started-at="2023-10-28T13:09:10 IST" name="windowHandle" finished-at="2023-10-28T13:09:48 IST" duration-ms="38010" status="PASS">
          <reporter-output>
          </reporter-output>
        </test-method> <!-- windowHandle -->
      </class> <!-- Selenium.HandleBrowserWindow -->
      <class name="Selenium.openLinkInAnotherTab">
        <test-method signature="newTab()[pri:0, instance:Selenium.openLinkInAnotherTab@4f80542f]" started-at="2023-10-28T13:08:59 IST" name="newTab" finished-at="2023-10-28T13:09:10 IST" duration-ms="11619" status="PASS">
          <reporter-output>
          </reporter-output>
        </test-method> <!-- newTab -->
      </class> <!-- Selenium.openLinkInAnotherTab -->
    </test> <!-- Test -->
  </suite> <!-- Suite -->
</testng-results>
